2022-05-04 18:19:24,280 [   2426]   WARN - Container.ComponentManagerImpl - Do not use constructor injection (requestorClass=com.android.tools.idea.AndroidInitialConfigurator) 
2022-05-04 18:19:28,444 [   6590]   WARN - tartup.impl.StartupManagerImpl - Activities registered via registerPostStartupActivity must be dumb-aware: com.android.tools.idea.stats.AndroidStudioUsageTracker$ProjectLifecycleTracker$projectComponentsInitialized$1@378fc9f5 
2022-05-04 18:19:30,718 [   8864]   WARN - #com.intellij.ui.jcef.JBCefApp - JCEF runtime library is not a JBR module (Use JBR bundled with the IDE) 
2022-05-04 18:19:35,957 [  14103]   WARN - Container.ComponentManagerImpl - Do not use constructor injection (requestorClass=com.android.tools.idea.apk.ApkWritingAccessProvider) 
2022-05-04 18:19:36,437 [  14583]   WARN - dea.updater.SdkComponentSource - IO exception while downloading manifest 
com.intellij.util.io.HttpRequests$HttpStatusException: Request failed with status code 404. Status=404, Url=https://dl.google.com/android/repository/sys-img/android-desktop/sys-img2-3.xml
	at com.intellij.util.io.HttpRequests.throwHttpStatusError(HttpRequests.java:668)
	at com.intellij.util.io.HttpRequests.openConnection(HttpRequests.java:639)
	at com.intellij.util.io.HttpRequests$RequestImpl.getConnection(HttpRequests.java:356)
	at com.android.tools.idea.sdk.StudioDownloader.lambda$doDownloadFully$2(StudioDownloader.java:205)
	at com.intellij.util.io.HttpRequests.doProcess(HttpRequests.java:531)
	at com.intellij.util.io.HttpRequests.process(HttpRequests.java:513)
	at com.intellij.util.io.HttpRequests$RequestBuilderImpl.connect(HttpRequests.java:332)
	at com.android.tools.idea.sdk.StudioDownloader.doDownloadFully(StudioDownloader.java:201)
	at com.android.tools.idea.sdk.StudioDownloader.downloadFully(StudioDownloader.java:138)
	at com.android.tools.idea.sdk.StudioDownloader.downloadFully(StudioDownloader.java:259)
	at com.android.tools.idea.sdk.StudioDownloader.downloadAndStream(StudioDownloader.java:128)
	at com.android.repository.impl.manager.RemoteRepoLoaderImpl.lambda$fetchPackages$0(RemoteRepoLoaderImpl.java:138)
	at java.base/java.util.concurrent.Executors$RunnableAdapter.call(Executors.java:515)
	at java.base/java.util.concurrent.FutureTask.run(FutureTask.java:264)
	at java.base/java.util.concurrent.ThreadPoolExecutor.runWorker(ThreadPoolExecutor.java:1128)
	at java.base/java.util.concurrent.ThreadPoolExecutor$Worker.run(ThreadPoolExecutor.java:628)
	at java.base/java.lang.Thread.run(Thread.java:829)
2022-05-04 18:19:38,911 [  17057]   WARN - Container.ComponentManagerImpl - Do not use constructor injection (requestorClass=com.android.tools.idea.gradle.project.build.invoker.GradleBuildInvokerImpl) 
Already running
Already running
Already running
